Сборка начата 14.12.2023 19:55:20.
Уровень детализации журнала: Normal.     1>Проект "D:\1 семестр\ОПИ-Груповой проект\Gallows\Gallows\Gallows.vcxproj" в узле 2 (целевые объекты Build).
     1>InitializeBuildStatus:
         Создание "x64\Debug\Gallows.tlog\unsuccessfulbuild", так как было задано "AlwaysCreate".
         Обращение к "x64\Debug\Gallows.tlog\unsuccessfulbuild".
       ClCompile:
         C:\Program Files\Microsoft Visual Studio\2022\Community\VC\Tools\MSVC\14.37.32822\bin\HostX64\x64\CL.exe /c /ZI /JMC /nologo /W3 /WX- /diagnostics:column /sdl /Od /D _DEBUG /D _CONSOLE /D _UNICODE /D UNICODE /Gm- /EHsc /RTC1 /MDd /GS /fp:precise /Zc:wchar_t /Zc:forScope /Zc:inline /permissive- /Fo"x64\Debug\\" /Fd"x64\Debug\vc143.pdb" /external:W3 /Gd /TP /FC /errorReport:prompt The_Gallows.cpp motivation.cpp
         The_Gallows.cpp
     1>D:\1 семестр\ОПИ-Груповой проект\Gallows\Gallows\The_Gallows.cpp(8,1): warning C4326: возвращаемый тип "main" должен быть "int", а не "void"
     1>D:\1 семестр\ОПИ-Груповой проект\Gallows\Gallows\The_Gallows.cpp(37,32): warning C4267: =: преобразование из "size_t" в "int"; возможна потеря данных
         motivation.cpp
         Создание кода...
       Link:
         C:\Program Files\Microsoft Visual Studio\2022\Community\VC\Tools\MSVC\14.37.32822\bin\HostX64\x64\link.exe /ERRORREPORT:PROMPT /OUT:"D:\1 семестр\ОПИ-Груповой проект\Gallows\x64\Debug\Gallows.exe" /INCREMENTAL /ILK:"x64\Debug\Gallows.ilk" /NOLOGO kernel32.lib user32.lib gdi32.lib winspool.lib comdlg32.lib advapi32.lib shell32.lib ole32.lib oleaut32.lib uuid.lib odbc32.lib odbccp32.lib /MANIFEST /MANIFESTUAC:"level='asInvoker' uiAccess='false'" /manifest:embed /DEBUG /PDB:"D:\1 семестр\ОПИ-Груповой проект\Gallows\x64\Debug\Gallows.pdb" /SUBSYSTEM:CONSOLE /TLBID:1 /DYNAMICBASE /NXCOMPAT /IMPLIB:"D:\1 семестр\ОПИ-Груповой проект\Gallows\x64\Debug\Gallows.lib" /MACHINE:X64 x64\Debug\motivation.obj
         x64\Debug\scaffold.obj
         x64\Debug\The_Gallows.obj
         Gallows.vcxproj -> D:\1 семестр\ОПИ-Груповой проект\Gallows\x64\Debug\Gallows.exe
       FinalizeBuildStatus:
         Файл "x64\Debug\Gallows.tlog\unsuccessfulbuild" удаляется.
         Обращение к "x64\Debug\Gallows.tlog\Gallows.lastbuildstate".
     1>Сборка проекта "D:\1 семестр\ОПИ-Груповой проект\Gallows\Gallows\Gallows.vcxproj" завершена (целевые объекты Build).

Сборка успешно завершена.

       "D:\1 семестр\ОПИ-Груповой проект\Gallows\Gallows\Gallows.vcxproj" (целевой объект Build ) (1) ->
       (Целевой объект ClCompile) -> 
         D:\1 семестр\ОПИ-Груповой проект\Gallows\Gallows\The_Gallows.cpp(8,1): warning C4326: возвращаемый тип "main" должен быть "int", а не "void"
         D:\1 семестр\ОПИ-Груповой проект\Gallows\Gallows\The_Gallows.cpp(37,32): warning C4267: =: преобразование из "size_t" в "int"; возможна потеря данных

    Предупреждений: 2
    Ошибок: 0

Прошло времени 00:00:02.61
